{
  "RSpec": {
    "coverage": {
      "/Users/kaiheiongaku/turing/mod2/final/b2-final/app/models/hospital.rb": {
        "lines": [
          1,
          1,
          1,
          null
        ]
      },
      "/Users/kaiheiongaku/turing/mod2/final/b2-final/app/models/application_record.rb": {
        "lines": [
          1,
          1,
          null
        ]
      },
      "/Users/kaiheiongaku/turing/mod2/final/b2-final/app/models/doctor.rb": {
        "lines": [
          1,
          1,
          1,
          1,
          1,
          null
        ]
      },
      "/Users/kaiheiongaku/turing/mod2/final/b2-final/app/models/surgery.rb": {
        "lines": [
          1,
          1,
          null,
          1,
          1,
          null,
          1,
          0,
          null,
          null
        ]
      },
      "/Users/kaiheiongaku/turing/mod2/final/b2-final/app/models/doctor_surgery.rb": {
        "lines": [
          1,
          1,
          1,
          null
        ]
      },
      "/Users/kaiheiongaku/turing/mod2/final/b2-final/app/controllers/surgeries_controller.rb": {
        "lines": [
          1,
          null,
          1,
          0,
          null,
          null,
          1,
          1,
          1,
          1,
          null,
          null,
          1,
          0,
          0,
          0,
          0,
          0,
          null,
          null,
          1,
          1,
          0,
          null,
          null
        ]
      },
      "/Users/kaiheiongaku/turing/mod2/final/b2-final/app/controllers/application_controller.rb": {
        "lines": [
          1,
          null
        ]
      }
    },
    "timestamp": 1610737120
  }
}
